<?xml version="1.0" encoding="UTF-8"?>
<!-- Generated by org.testng.reporters.JUnitXMLReporter -->
<testsuite hostname="DESKTOP-H8C69V7" ignored="0" name="StatmentTest" tests="5" failures="4" timestamp="2020-09-25T09:29:52 BDT" time="14.547" errors="0">
  <testcase name="AfterBalanceCalculationforSpecificUser" time="1.301" classname="StatementTest.Statement">
    <failure type="java.lang.AssertionError" message="Actual balance after is not matched with expected balance after expected [32.0] but found [25.00]">
      <![CDATA[java.lang.AssertionError: Actual balance after is not matched with expected balance after expected [32.0] but found [25.00]
at StatementTest.Statement.AfterBalanceCalculationforSpecificUser(Statement.java:101)
at java.util.ArrayList.forEach(Unknown Source)
... Removed 36 stack frames]]>
    </failure>
  </testcase> <!-- AfterBalanceCalculationforSpecificUser -->
  <testcase name="BeforeBalanceCalculationforSpecificUser" time="0.715" classname="StatementTest.Statement">
    <failure type="java.lang.AssertionError" message="expected [17.0] but found [0.00]">
      <![CDATA[java.lang.AssertionError: expected [17.0] but found [0.00]
at StatementTest.Statement.BeforeBalanceCalculationforSpecificUser(Statement.java:63)
at java.util.ArrayList.forEach(Unknown Source)
... Removed 37 stack frames]]>
    </failure>
  </testcase> <!-- BeforeBalanceCalculationforSpecificUser -->
  <testcase name="StatementFilteredwithDate_ButnoRecordFound" time="2.081" classname="StatementTest.Statement">
    <failure type="java.lang.AssertionError" message="No result found even though we have statement in between this date range expected [true] but found [false]">
      <![CDATA[java.lang.AssertionError: No result found even though we have statement in between this date range expected [true] but found [false]
at StatementTest.Statement.StatementFilteredwithDate_ButnoRecordFound(Statement.java:187)
at java.util.ArrayList.forEach(Unknown Source)
... Removed 34 stack frames]]>
    </failure>
  </testcase> <!-- StatementFilteredwithDate_ButnoRecordFound -->
  <testcase name="StatementFilteredwithDate_WhereOperationDateisInBetweenThatDateRange" time="0.808" classname="StatementTest.Statement"/>
  <testcase name="StatementFilteredwithDate_WhichExactlyMatchwithOperationDate" time="0.809" classname="StatementTest.Statement">
    <failure type="java.lang.AssertionError" message="No result found even though we have statement for this date range expected [true] but found [false]">
      <![CDATA[java.lang.AssertionError: No result found even though we have statement for this date range expected [true] but found [false]
at StatementTest.Statement.StatementFilteredwithDate_WhichExactlyMatchwithOperationDate(Statement.java:132)
at java.util.ArrayList.forEach(Unknown Source)
... Removed 34 stack frames]]>
    </failure>
  </testcase> <!-- StatementFilteredwithDate_WhichExactlyMatchwithOperationDate -->
</testsuite> <!-- StatmentTest -->
